0 info it worked if it ends with ok
1 verbose cli [ 'node',
1 verbose cli   '/usr/bin/npm',
1 verbose cli   'install',
1 verbose cli   '-g',
1 verbose cli   'git://github.com/bkw/nodecopter-stream.git' ]
2 info using npm@2.13.1
3 info using node@v0.12.7
4 verbose install initial load of /usr/lib/package.json
5 verbose readDependencies loading dependencies from /usr/lib/package.json
6 silly cache add args [ 'git://github.com/bkw/nodecopter-stream.git', null ]
7 verbose cache add spec git://github.com/bkw/nodecopter-stream.git
8 silly cache add parsed spec { raw: 'git://github.com/bkw/nodecopter-stream.git',
8 silly cache add   scope: null,
8 silly cache add   name: null,
8 silly cache add   rawSpec: 'git://github.com/bkw/nodecopter-stream.git',
8 silly cache add   spec: 'git://github.com/bkw/nodecopter-stream.git',
8 silly cache add   type: 'hosted',
8 silly cache add   hosted:
8 silly cache add    { type: 'github',
8 silly cache add      ssh: 'git@github.com:bkw/nodecopter-stream.git',
8 silly cache add      sshUrl: 'git+ssh://git@github.com/bkw/nodecopter-stream.git',
8 silly cache add      httpsUrl: 'git+https://github.com/bkw/nodecopter-stream.git',
8 silly cache add      gitUrl: 'git://github.com/bkw/nodecopter-stream.git',
8 silly cache add      shortcut: 'github:bkw/nodecopter-stream',
8 silly cache add      directUrl: 'https://raw.githubusercontent.com/bkw/nodecopter-stream/master/package.json' } }
9 verbose addRemoteGit caching git://github.com/bkw/nodecopter-stream.git
10 verbose addRemoteGit git://github.com/bkw/nodecopter-stream.git is a repository hosted by github
11 silly tryClone cloning git://github.com/bkw/nodecopter-stream.git via git://github.com/bkw/nodecopter-stream.git
12 verbose tryClone git-github-com-bkw-nodecopter-stream-git-5723d2e8 not in flight; caching
13 verbose makeDirectory /root/.npm/_git-remotes creation not in flight; initializing
14 silly makeDirectory /root/.npm/_git-remotes uid: 1001 gid: 100
15 info git [ 'clone',
15 info git   '--template=/root/.npm/_git-remotes/_templates',
15 info git   '--mirror',
15 info git   'git://github.com/bkw/nodecopter-stream.git',
15 info git   '/root/.npm/_git-remotes/git-github-com-bkw-nodecopter-stream-git-5723d2e8' ]
16 error git clone --template=/root/.npm/_git-remotes/_templates --mirror git://github.com/bkw/nodecopter-stream.git /root/.npm/_git-remotes/git-github-com-bkw-nodecopter-stream-git-5723d2e8: Cloning into bare repository '/root/.npm/_git-remotes/git-github-com-bkw-nodecopter-stream-git-5723d2e8'...
16 error git clone --template=/root/.npm/_git-remotes/_templates --mirror git://github.com/bkw/nodecopter-stream.git /root/.npm/_git-remotes/git-github-com-bkw-nodecopter-stream-git-5723d2e8: fatal: read error: Connection reset by peer
16 error git clone --template=/root/.npm/_git-remotes/_templates --mirror git://github.com/bkw/nodecopter-stream.git /root/.npm/_git-remotes/git-github-com-bkw-nodecopter-stream-git-5723d2e8: fatal: early EOF
16 error git clone --template=/root/.npm/_git-remotes/_templates --mirror git://github.com/bkw/nodecopter-stream.git /root/.npm/_git-remotes/git-github-com-bkw-nodecopter-stream-git-5723d2e8: fatal: index-pack failed
17 verbose stack Error: Command failed: git clone --template=/root/.npm/_git-remotes/_templates --mirror git://github.com/bkw/nodecopter-stream.git /root/.npm/_git-remotes/git-github-com-bkw-nodecopter-stream-git-5723d2e8
17 verbose stack Cloning into bare repository '/root/.npm/_git-remotes/git-github-com-bkw-nodecopter-stream-git-5723d2e8'...
17 verbose stack fatal: read error: Connection reset by peer
17 verbose stack fatal: early EOF
17 verbose stack fatal: index-pack failed
17 verbose stack
17 verbose stack     at ChildProcess.exithandler (child_process.js:751:12)
17 verbose stack     at ChildProcess.emit (events.js:110:17)
17 verbose stack     at maybeClose (child_process.js:1015:16)
17 verbose stack     at Process.ChildProcess._handle.onexit (child_process.js:1087:5)
18 verbose cwd /home/amahon/programming/c++/doppia/src/applications/parrot
19 error Linux 4.1.2-2-ARCH
20 error argv "node" "/usr/bin/npm" "install" "-g" "git://github.com/bkw/nodecopter-stream.git"
21 error node v0.12.7
22 error npm  v2.13.1
23 error code 128
24 error Command failed: git clone --template=/root/.npm/_git-remotes/_templates --mirror git://github.com/bkw/nodecopter-stream.git /root/.npm/_git-remotes/git-github-com-bkw-nodecopter-stream-git-5723d2e8
24 error Cloning into bare repository '/root/.npm/_git-remotes/git-github-com-bkw-nodecopter-stream-git-5723d2e8'...
24 error fatal: read error: Connection reset by peer
24 error fatal: early EOF
24 error fatal: index-pack failed
25 error If you need help, you may report this error at:
25 error     <https://github.com/npm/npm/issues>
26 verbose exit [ 1, true ]
